INFO:ir_core.crawler_main:In 5 seconds ...
INFO:ir_core.crawler_main:In 5 seconds ...
INFO:ir_core.crawler_main:In 5 seconds ...
INFO:ir_core.crawler_main:In 5 seconds ...
INFO:ir_core.crawler_main:In 5 seconds ...
INFO:ir_core.crawler_main:Year located.
INFO:ir_core.crawler_main:Abstract located.
INFO:ir_core.crawler_main:Retrieving fingerprints ...
INFO:ir_core.crawler_main:In 5 seconds ...
INFO:ir_core.crawler_main:LOGGER: Crawled details: Learning from less: SINDy Surrogates in RL ... 
INFO:ir_core.crawler_main:In 5 seconds ...
INFO:ir_core.crawler_main:In 5 seconds ...
INFO:ir_core.crawler_main:In 5 seconds ...
INFO:ir_core.crawler_main:Year located.
INFO:ir_core.crawler_main:Abstract located.
INFO:ir_core.crawler_main:Retrieving fingerprints ...
INFO:ir_core.crawler_main:In 5 seconds ...
INFO:ir_core.crawler_main:LOGGER: Crawled details: Sustainable future? Building and life-style assess ... 
INFO:ir_core.crawler_main:In 5 seconds ...
INFO:ir_core.crawler_main:In 5 seconds ...
INFO:ir_core.crawler_main:In 5 seconds ...
INFO:ir_core.crawler_main:Year located.
INFO:ir_core.crawler_main:LOGGER: Crawled details: Designing communication protocols for holonic cont ... 
INFO:ir_core.crawler_main:In 5 seconds ...
